<?xml version="1.0" encoding="UTF-8"?>
<testsuite xmlns:xsi="http://www.w3.org/2001/XMLSchema-instance" xsi:noNamespaceSchemaLocation="https://maven.apache.org/surefire/maven-surefire-plugin/xsd/surefire-test-report.xsd" version="3.0.2" name="com.payment.bridge.load.MixedLatencyLoadTest" time="0.054" tests="1" errors="0" skipped="0" failures="0">
  <properties>
[...]
</properties>
  <testcase name="testIngestionIsNonBlockingDuringSlowBackgroundPublication" classname="com.payment.bridge.load.MixedLatencyLoadTest" time="0.05">
    <system-out><![CDATA[2026-05-10 13:48:45.903 INFO  [main] o.s.t.c.s.AnnotationConfigContextLoaderUtils - Could not detect default configuration classes for test class [com.payment.bridge.load.MixedLatencyLoadTest]: MixedLatencyLoadTest does not declare any static, non-private, non-final, nested classes annotated with @Configuration.
2026-05-10 13:48:45.905 INFO  [main] o.s.b.t.c.SpringBootTestContextBootstrapper - Found @SpringBootConfiguration com.payment.bridge.PaymentBridgeApplication for test class com.payment.bridge.load.MixedLatencyLoadTest
2026-05-10 13:48:45.914 INFO  [http-nio-auto-2-exec-7] c.p.b.controller.PaymentController - Received payment request for amount: 80.00 USD, idempotencyKey: null
2026-05-10 13:48:45.914 INFO  [http-nio-auto-2-exec-2] c.p.b.controller.PaymentController - Received payment request for amount: 80.00 USD, idempotencyKey: null
2026-05-10 13:48:45.914 INFO  [http-nio-auto-2-exec-4] c.p.b.controller.PaymentController - Received payment request for amount: 80.00 USD, idempotencyKey: null
2026-05-10 13:48:45.914 INFO  [http-nio-auto-2-exec-6] c.p.b.controller.PaymentController - Received payment request for amount: 80.00 USD, idempotencyKey: null
2026-05-10 13:48:45.915 INFO  [http-nio-auto-2-exec-3] c.p.b.controller.PaymentController - Received payment request for amount: 80.00 USD, idempotencyKey: null
2026-05-10 13:48:45.915 INFO  [payment-worker-%d21] c.p.bridge.service.PaymentService - Creating payment for amount: 80.00 USD
2026-05-10 13:48:45.915 INFO  [payment-worker-%d22] c.p.bridge.service.PaymentService - Creating payment for amount: 80.00 USD
2026-05-10 13:48:45.915 INFO  [payment-worker-%d24] c.p.bridge.service.PaymentService - Creating payment for amount: 80.00 USD
2026-05-10 13:48:45.915 DEBUG [payment-worker-%d21] c.p.b.service.IdempotencyService - New idempotent request with key: client_ref:MIXED-CLIENT-10
2026-05-10 13:48:45.915 DEBUG [payment-worker-%d24] c.p.b.service.IdempotencyService - New idempotent request with key: client_ref:MIXED-CLIENT-0
2026-05-10 13:48:45.915 DEBUG [payment-worker-%d22] c.p.b.service.IdempotencyService - New idempotent request with key: client_ref:MIXED-CLIENT-19
2026-05-10 13:48:45.915 INFO  [payment-worker-%d20] c.p.bridge.service.PaymentService - Creating payment for amount: 80.00 USD
2026-05-10 13:48:45.915 INFO  [http-nio-auto-2-exec-10] c.p.b.controller.PaymentController - Received payment request for amount: 80.00 USD, idempotencyKey: null
2026-05-10 13:48:45.915 DEBUG [payment-worker-%d20] c.p.b.service.IdempotencyService - New idempotent request with key: client_ref:MIXED-CLIENT-9
2026-05-10 13:48:45.915 INFO  [http-nio-auto-2-exec-4] c.p.b.controller.PaymentController - Received payment request for amount: 80.00 USD, idempotencyKey: null
2026-05-10 13:48:45.915 INFO  [payment-worker-%d23] c.p.bridge.service.PaymentService - Creating payment for amount: 80.00 USD
2026-05-10 13:48:45.915 DEBUG [payment-worker-%d23] c.p.b.service.IdempotencyService - New idempotent request with key: client_ref:MIXED-CLIENT-5
2026-05-10 13:48:45.915 INFO  [http-nio-auto-2-exec-5] c.p.b.controller.PaymentController - Received payment request for amount: 80.00 USD, idempotencyKey: null
2026-05-10 13:48:45.915 INFO  [payment-worker-%d26] c.p.bridge.service.PaymentService - Creating payment for amount: 80.00 USD
2026-05-10 13:48:45.915 DEBUG [payment-worker-%d26] c.p.b.service.IdempotencyService - New idempotent request with key: client_ref:MIXED-CLIENT-12
2026-05-10 13:48:45.916 INFO  [payment-worker-%d21] c.p.bridge.service.PaymentService - Successfully created payment: 89571635-23f6-4729-96e8-7a58d2a14556 with status: RECEIVED
2026-05-10 13:48:45.916 INFO  [payment-worker-%d27] c.p.bridge.service.PaymentService - Creating payment for amount: 80.00 USD
2026-05-10 13:48:45.916 INFO  [payment-worker-%d26] c.p.bridge.service.PaymentService - Successfully created payment: b56676ff-eddb-4d36-b349-5a78e1d19554 with status: RECEIVED
2026-05-10 13:48:45.916 INFO  [payment-worker-%d22] c.p.bridge.service.PaymentService - Successfully created payment: c76a4d18-f9a4-4094-ba49-70dbb41b1f12 with status: RECEIVED
2026-05-10 13:48:45.916 DEBUG [payment-worker-%d27] c.p.b.service.IdempotencyService - New idempotent request with key: client_ref:MIXED-CLIENT-11
2026-05-10 13:48:45.916 INFO  [http-nio-auto-2-exec-1] c.p.b.controller.PaymentController - Received payment request for amount: 80.00 USD, idempotencyKey: null
2026-05-10 13:48:45.916 INFO  [payment-worker-%d25] c.p.bridge.service.PaymentService - Creating payment for amount: 80.00 USD
2026-05-10 13:48:45.916 DEBUG [payment-worker-%d25] c.p.b.service.IdempotencyService - New idempotent request with key: client_ref:MIXED-CLIENT-25
2026-05-10 13:48:45.916 INFO  [payment-worker-%d23] c.p.bridge.service.PaymentService - Successfully created payment: 634225e1-66b1-4faf-8b5a-4f0e48c20ed9 with status: RECEIVED
2026-05-10 13:48:45.916 INFO  [payment-worker-%d24] c.p.bridge.service.PaymentService - Successfully created payment: c649f73a-ac7f-41ae-867b-2d5b5e306081 with status: RECEIVED
2026-05-10 13:48:45.916 INFO  [payment-worker-%d28] c.p.bridge.service.PaymentService - Creating payment for amount: 80.00 USD
2026-05-10 13:48:45.916 INFO  [payment-worker-%d20] c.p.bridge.service.PaymentService - Successfully created payment: cfcdd0bb-1d6b-4bfb-ab81-b3502393a0ac with status: RECEIVED
2026-05-10 13:48:45.916 DEBUG [payment-worker-%d28] c.p.b.service.IdempotencyService - New idempotent request with key: client_ref:MIXED-CLIENT-4
2026-05-10 13:48:45.917 INFO  [payment-worker-%d22] c.p.bridge.service.PaymentService - Transaction committed; publishing payment task after commit: c76a4d18-f9a4-4094-ba49-70dbb41b1f12
2026-05-10 13:48:45.917 INFO  [payment-worker-%d26] c.p.bridge.service.PaymentService - Transaction committed; publishing payment task after commit: b56676ff-eddb-4d36-b349-5a78e1d19554
2026-05-10 13:48:45.917 INFO  [payment-worker-%d22] c.p.b.controller.PaymentController - Payment request processed successfully: c76a4d18-f9a4-4094-ba49-70dbb41b1f12
2026-05-10 13:48:45.917 INFO  [payment-worker-%d26] c.p.b.controller.PaymentController - Payment request processed successfully: b56676ff-eddb-4d36-b349-5a78e1d19554
2026-05-10 13:48:45.917 INFO  [payment-worker-%d21] c.p.bridge.service.PaymentService - Transaction committed; publishing payment task after commit: 89571635-23f6-4729-96e8-7a58d2a14556
2026-05-10 13:48:45.917 INFO  [payment-worker-%d23] c.p.bridge.service.PaymentService - Transaction committed; publishing payment task after commit: 634225e1-66b1-4faf-8b5a-4f0e48c20ed9
2026-05-10 13:48:45.917 INFO  [payment-worker-%d24] c.p.bridge.service.PaymentService - Transaction committed; publishing payment task after commit: c649f73a-ac7f-41ae-867b-2d5b5e306081
2026-05-10 13:48:45.917 INFO  [payment-worker-%d25] c.p.bridge.service.PaymentService - Successfully created payment: ecb5cffd-a19b-4c23-b620-e15d2fe28a8b with status: RECEIVED
2026-05-10 13:48:45.918 INFO  [payment-worker-%d28] c.p.bridge.service.PaymentService - Successfully created payment: ac1747fd-83ea-4744-b1ad-cdbf9fee55e7 with status: RECEIVED
2026-05-10 13:48:45.918 INFO  [payment-worker-%d20] c.p.bridge.service.PaymentService - Transaction committed; publishing payment task after commit: cfcdd0bb-1d6b-4bfb-ab81-b3502393a0ac
2026-05-10 13:48:45.919 INFO  [payment-worker-%d24] c.p.b.controller.PaymentController - Payment request processed successfully: c649f73a-ac7f-41ae-867b-2d5b5e306081
2026-05-10 13:48:45.919 INFO  [payment-worker-%d23] c.p.b.controller.PaymentController - Payment request processed successfully: 634225e1-66b1-4faf-8b5a-4f0e48c20ed9
2026-05-10 13:48:45.919 INFO  [payment-worker-%d20] c.p.b.controller.PaymentController - Payment request processed successfully: cfcdd0bb-1d6b-4bfb-ab81-b3502393a0ac
2026-05-10 13:48:45.919 INFO  [payment-worker-%d25] c.p.bridge.service.PaymentService - Transaction committed; publishing payment task after commit: ecb5cffd-a19b-4c23-b620-e15d2fe28a8b
2026-05-10 13:48:45.919 INFO  [payment-worker-%d25] c.p.b.controller.PaymentController - Payment request processed successfully: ecb5cffd-a19b-4c23-b620-e15d2fe28a8b
2026-05-10 13:48:45.919 INFO  [payment-worker-%d21] c.p.b.controller.PaymentController - Payment request processed successfully: 89571635-23f6-4729-96e8-7a58d2a14556
2026-05-10 13:48:45.919 INFO  [payment-worker-%d27] c.p.bridge.service.PaymentService - Successfully created payment: b10a61fa-a6b0-4227-a317-12f87907aa9e with status: RECEIVED
2026-05-10 13:48:45.919 INFO  [payment-worker-%d28] c.p.bridge.service.PaymentService - Transaction committed; publishing payment task after commit: ac1747fd-83ea-4744-b1ad-cdbf9fee55e7
2026-05-10 13:48:45.919 INFO  [payment-worker-%d28] c.p.b.controller.PaymentController - Payment request processed successfully: ac1747fd-83ea-4744-b1ad-cdbf9fee55e7
2026-05-10 13:48:45.920 INFO  [payment-worker-%d27] c.p.bridge.service.PaymentService - Transaction committed; publishing payment task after commit: b10a61fa-a6b0-4227-a317-12f87907aa9e
2026-05-10 13:48:45.920 INFO  [payment-worker-%d27] c.p.b.controller.PaymentController - Payment request processed successfully: b10a61fa-a6b0-4227-a317-12f87907aa9e
2026-05-10 13:48:45.921 INFO  [http-nio-auto-2-exec-3] c.p.b.controller.PaymentController - Received payment request for amount: 80.00 USD, idempotencyKey: null
2026-05-10 13:48:45.921 INFO  [payment-worker-%d38] c.p.bridge.service.PaymentService - Creating payment for amount: 80.00 USD
2026-05-10 13:48:45.921 DEBUG [payment-worker-%d38] c.p.b.service.IdempotencyService - New idempotent request with key: client_ref:MIXED-CLIENT-20
2026-05-10 13:48:45.922 INFO  [payment-worker-%d38] c.p.bridge.service.PaymentService - Successfully created payment: 880ab535-9d09-455c-bfa8-5359605568ac with status: RECEIVED
2026-05-10 13:48:45.922 INFO  [http-nio-auto-2-exec-6] c.p.b.controller.PaymentController - Received payment request for amount: 80.00 USD, idempotencyKey: null
2026-05-10 13:48:45.922 INFO  [http-nio-auto-2-exec-9] c.p.b.controller.PaymentController - Received payment request for amount: 80.00 USD, idempotencyKey: null
2026-05-10 13:48:45.922 INFO  [http-nio-auto-2-exec-5] c.p.b.controller.PaymentController - Received payment request for amount: 80.00 USD, idempotencyKey: null
2026-05-10 13:48:45.922 INFO  [payment-worker-%d39] c.p.bridge.service.PaymentService - Creating payment for amount: 80.00 USD
2026-05-10 13:48:45.923 INFO  [payment-worker-%d40] c.p.bridge.service.PaymentService - Creating payment for amount: 80.00 USD
2026-05-10 13:48:45.923 DEBUG [payment-worker-%d40] c.p.b.service.IdempotencyService - New idempotent request with key: client_ref:MIXED-CLIENT-30
2026-05-10 13:48:45.923 INFO  [payment-worker-%d38] c.p.bridge.service.PaymentService - Transaction committed; publishing payment task after commit: 880ab535-9d09-455c-bfa8-5359605568ac
2026-05-10 13:48:45.923 INFO  [payment-worker-%d38] c.p.b.controller.PaymentController - Payment request processed successfully: 880ab535-9d09-455c-bfa8-5359605568ac
2026-05-10 13:48:45.922 INFO  [http-nio-auto-2-exec-8] c.p.b.controller.PaymentController - Received payment request for amount: 80.00 USD, idempotencyKey: null
2026-05-10 13:48:45.923 INFO  [http-nio-auto-2-exec-1] c.p.b.controller.PaymentController - Received payment request for amount: 80.00 USD, idempotencyKey: null
2026-05-10 13:48:45.923 DEBUG [payment-worker-%d39] c.p.b.service.IdempotencyService - New idempotent request with key: client_ref:MIXED-CLIENT-28
2026-05-10 13:48:45.923 INFO  [payment-worker-%d43] c.p.bridge.service.PaymentService - Creating payment for amount: 80.00 USD
2026-05-10 13:48:45.923 INFO  [payment-worker-%d40] c.p.bridge.service.PaymentService - Successfully created payment: dba0cd40-8b9c-4c61-a354-2cd35423d2cd with status: RECEIVED
2026-05-10 13:48:45.923 DEBUG [payment-worker-%d43] c.p.b.service.IdempotencyService - New idempotent request with key: client_ref:MIXED-CLIENT-34
2026-05-10 13:48:45.923 INFO  [payment-worker-%d44] c.p.bridge.service.PaymentService - Creating payment for amount: 80.00 USD
2026-05-10 13:48:45.923 DEBUG [payment-worker-%d44] c.p.b.service.IdempotencyService - New idempotent request with key: client_ref:MIXED-CLIENT-8
2026-05-10 13:48:45.923 INFO  [payment-worker-%d43] c.p.bridge.service.PaymentService - Successfully created payment: e10f90b9-953e-4cfd-a3d1-a54df94c5666 with status: RECEIVED
2026-05-10 13:48:45.923 INFO  [http-nio-auto-2-exec-4] c.p.b.controller.PaymentController - Received payment request for amount: 80.00 USD, idempotencyKey: null
2026-05-10 13:48:45.923 INFO  [payment-worker-%d40] c.p.bridge.service.PaymentService - Transaction committed; publishing payment task after commit: dba0cd40-8b9c-4c61-a354-2cd35423d2cd
2026-05-10 13:48:45.923 INFO  [payment-worker-%d40] c.p.b.controller.PaymentController - Payment request processed successfully: dba0cd40-8b9c-4c61-a354-2cd35423d2cd
2026-05-10 13:48:45.923 INFO  [payment-worker-%d41] c.p.bridge.service.PaymentService - Creating payment for amount: 80.00 USD
2026-05-10 13:48:45.923 INFO  [payment-worker-%d39] c.p.bridge.service.PaymentService - Successfully created payment: a8fcd306-4d53-48ee-b10e-cece38229f63 with status: RECEIVED
2026-05-10 13:48:45.924 DEBUG [payment-worker-%d41] c.p.b.service.IdempotencyService - New idempotent request with key: client_ref:MIXED-CLIENT-47
2026-05-10 13:48:45.924 INFO  [payment-worker-%d43] c.p.bridge.service.PaymentService - Transaction committed; publishing payment task after commit: e10f90b9-953e-4cfd-a3d1-a54df94c5666
2026-05-10 13:48:45.924 INFO  [payment-worker-%d43] c.p.b.controller.PaymentController - Payment request processed successfully: e10f90b9-953e-4cfd-a3d1-a54df94c5666
2026-05-10 13:48:45.924 INFO  [payment-worker-%d41] c.p.bridge.service.PaymentService - Successfully created payment: b3fdac2f-f0ba-412f-a0aa-1429b8a65058 with status: RECEIVED
2026-05-10 13:48:45.924 INFO  [http-nio-auto-2-exec-9] c.p.b.controller.PaymentController - Received payment request for amount: 80.00 USD, idempotencyKey: null
2026-05-10 13:48:45.924 INFO  [payment-worker-%d45] c.p.bridge.service.PaymentService - Creating payment for amount: 80.00 USD
2026-05-10 13:48:45.924 DEBUG [payment-worker-%d45] c.p.b.service.IdempotencyService - New idempotent request with key: client_ref:MIXED-CLIENT-36
2026-05-10 13:48:45.924 INFO  [payment-worker-%d44] c.p.bridge.service.PaymentService - Successfully created payment: 71ff7004-0bab-4533-b55d-84dc4345318d with status: RECEIVED
2026-05-10 13:48:45.924 INFO  [payment-worker-%d45] c.p.bridge.service.PaymentService - Successfully created payment: 09fdb94c-e8e4-464a-9154-df51e4e282d6 with status: RECEIVED
2026-05-10 13:48:45.924 INFO  [payment-worker-%d41] c.p.bridge.service.PaymentService - Transaction committed; publishing payment task after commit: b3fdac2f-f0ba-412f-a0aa-1429b8a65058
2026-05-10 13:48:45.924 INFO  [payment-worker-%d41] c.p.b.controller.PaymentController - Payment request processed successfully: b3fdac2f-f0ba-412f-a0aa-1429b8a65058
2026-05-10 13:48:45.924 INFO  [http-nio-auto-2-exec-10] c.p.b.controller.PaymentController - Received payment request for amount: 80.00 USD, idempotencyKey: null
2026-05-10 13:48:45.924 INFO  [payment-worker-%d45] c.p.bridge.service.PaymentService - Transaction committed; publishing payment task after commit: 09fdb94c-e8e4-464a-9154-df51e4e282d6
2026-05-10 13:48:45.925 INFO  [payment-worker-%d45] c.p.b.controller.PaymentController - Payment request processed successfully: 09fdb94c-e8e4-464a-9154-df51e4e282d6
2026-05-10 13:48:45.924 INFO  [payment-worker-%d48] c.p.bridge.service.PaymentService - Creating payment for amount: 80.00 USD
2026-05-10 13:48:45.925 DEBUG [payment-worker-%d48] c.p.b.service.IdempotencyService - New idempotent request with key: client_ref:MIXED-CLIENT-16
2026-05-10 13:48:45.925 INFO  [payment-worker-%d50] c.p.bridge.service.PaymentService - Creating payment for amount: 80.00 USD
2026-05-10 13:48:45.925 DEBUG [payment-worker-%d50] c.p.b.service.IdempotencyService - New idempotent request with key: client_ref:MIXED-CLIENT-48
2026-05-10 13:48:45.925 INFO  [payment-worker-%d39] c.p.bridge.service.PaymentService - Transaction committed; publishing payment task after commit: a8fcd306-4d53-48ee-b10e-cece38229f63
2026-05-10 13:48:45.925 INFO  [payment-worker-%d50] c.p.bridge.service.PaymentService - Successfully created payment: a38d356e-40cb-4099-82d2-ea99c77e84ca with status: RECEIVED
2026-05-10 13:48:45.925 INFO  [payment-worker-%d48] c.p.bridge.service.PaymentService - Successfully created payment: 24f53b9d-00b5-4cc1-9c5c-0aae4bf68268 with status: RECEIVED
2026-05-10 13:48:45.925 INFO  [payment-worker-%d39] c.p.b.controller.PaymentController - Payment request processed successfully: a8fcd306-4d53-48ee-b10e-cece38229f63
2026-05-10 13:48:45.925 INFO  [payment-worker-%d50] c.p.bridge.service.PaymentService - Transaction committed; publishing payment task after commit: a38d356e-40cb-4099-82d2-ea99c77e84ca
2026-05-10 13:48:45.925 INFO  [payment-worker-%d48] c.p.bridge.service.PaymentService - Transaction committed; publishing payment task after commit: 24f53b9d-00b5-4cc1-9c5c-0aae4bf68268
2026-05-10 13:48:45.925 INFO  [payment-worker-%d50] c.p.b.controller.PaymentController - Payment request processed successfully: a38d356e-40cb-4099-82d2-ea99c77e84ca
2026-05-10 13:48:45.925 INFO  [payment-worker-%d48] c.p.b.controller.PaymentController - Payment request processed successfully: 24f53b9d-00b5-4cc1-9c5c-0aae4bf68268
2026-05-10 13:48:45.926 INFO  [payment-worker-%d44] c.p.bridge.service.PaymentService - Transaction committed; publishing payment task after commit: 71ff7004-0bab-4533-b55d-84dc4345318d
2026-05-10 13:48:45.927 INFO  [payment-worker-%d44] c.p.b.controller.PaymentController - Payment request processed successfully: 71ff7004-0bab-4533-b55d-84dc4345318d
2026-05-10 13:48:45.927 INFO  [http-nio-auto-2-exec-5] c.p.b.controller.PaymentController - Received payment request for amount: 80.00 USD, idempotencyKey: null
2026-05-10 13:48:45.927 INFO  [payment-worker-%d56] c.p.bridge.service.PaymentService - Creating payment for amount: 80.00 USD
2026-05-10 13:48:45.927 DEBUG [payment-worker-%d56] c.p.b.service.IdempotencyService - New idempotent request with key: client_ref:MIXED-CLIENT-32
2026-05-10 13:48:45.927 INFO  [http-nio-auto-2-exec-9] c.p.b.controller.PaymentController - Received payment request for amount: 80.00 USD, idempotencyKey: null
2026-05-10 13:48:45.927 INFO  [http-nio-auto-2-exec-3] c.p.b.controller.PaymentController - Received payment request for amount: 80.00 USD, idempotencyKey: null
2026-05-10 13:48:45.928 INFO  [payment-worker-%d56] c.p.bridge.service.PaymentService - Successfully created payment: c6bf16f5-0eac-4e99-9ee8-323b9ccb782d with status: RECEIVED
2026-05-10 13:48:45.928 INFO  [payment-worker-%d58] c.p.bridge.service.PaymentService - Creating payment for amount: 80.00 USD
2026-05-10 13:48:45.928 INFO  [payment-worker-%d57] c.p.bridge.service.PaymentService - Creating payment for amount: 80.00 USD
2026-05-10 13:48:45.928 DEBUG [payment-worker-%d58] c.p.b.service.IdempotencyService - New idempotent request with key: client_ref:MIXED-CLIENT-42
2026-05-10 13:48:45.928 DEBUG [payment-worker-%d57] c.p.b.service.IdempotencyService - New idempotent request with key: client_ref:MIXED-CLIENT-24
2026-05-10 13:48:45.928 INFO  [payment-worker-%d57] c.p.bridge.service.PaymentService - Successfully created payment: 660fe21a-1944-420e-be75-3f95460855d4 with status: RECEIVED
2026-05-10 13:48:45.928 INFO  [http-nio-auto-2-exec-2] c.p.b.controller.PaymentController - Received payment request for amount: 80.00 USD, idempotencyKey: null
2026-05-10 13:48:45.928 INFO  [payment-worker-%d56] c.p.bridge.service.PaymentService - Transaction committed; publishing payment task after commit: c6bf16f5-0eac-4e99-9ee8-323b9ccb782d
2026-05-10 13:48:45.928 INFO  [payment-worker-%d56] c.p.b.controller.PaymentController - Payment request processed successfully: c6bf16f5-0eac-4e99-9ee8-323b9ccb782d
2026-05-10 13:48:45.928 INFO  [http-nio-auto-2-exec-1] c.p.b.controller.PaymentController - Received payment request for amount: 80.00 USD, idempotencyKey: null
2026-05-10 13:48:45.929 INFO  [payment-worker-%d59] c.p.bridge.service.PaymentService - Creating payment for amount: 80.00 USD
2026-05-10 13:48:45.929 INFO  [payment-worker-%d58] c.p.bridge.service.PaymentService - Successfully created payment: c3e98bd7-090c-4971-a98e-fbcfff44b9b5 with status: RECEIVED
2026-05-10 13:48:45.929 DEBUG [payment-worker-%d59] c.p.b.service.IdempotencyService - New idempotent request with key: client_ref:MIXED-CLIENT-17
2026-05-10 13:48:45.929 INFO  [payment-worker-%d61] c.p.bridge.service.PaymentService - Creating payment for amount: 80.00 USD
2026-05-10 13:48:45.929 INFO  [payment-worker-%d57] c.p.bridge.service.PaymentService - Transaction committed; publishing payment task after commit: 660fe21a-1944-420e-be75-3f95460855d4
2026-05-10 13:48:45.929 DEBUG [payment-worker-%d61] c.p.b.service.IdempotencyService - New idempotent request with key: client_ref:MIXED-CLIENT-46
2026-05-10 13:48:45.929 INFO  [payment-worker-%d57] c.p.b.controller.PaymentController - Payment request processed successfully: 660fe21a-1944-420e-be75-3f95460855d4
2026-05-10 13:48:45.929 INFO  [http-nio-auto-2-exec-7] c.p.b.controller.PaymentController - Received payment request for amount: 80.00 USD, idempotencyKey: null
2026-05-10 13:48:45.929 INFO  [payment-worker-%d61] c.p.bridge.service.PaymentService - Successfully created payment: 3c46b9f1-cfd5-48fc-afc6-e3f1bd569ceb with status: RECEIVED
2026-05-10 13:48:45.929 INFO  [payment-worker-%d63] c.p.bridge.service.PaymentService - Creating payment for amount: 80.00 USD
2026-05-10 13:48:45.929 DEBUG [payment-worker-%d63] c.p.b.service.IdempotencyService - New idempotent request with key: client_ref:MIXED-CLIENT-18
2026-05-10 13:48:45.929 INFO  [payment-worker-%d59] c.p.bridge.service.PaymentService - Successfully created payment: 6d41ab7b-723b-49dc-aa3f-4b465796b3f5 with status: RECEIVED
2026-05-10 13:48:45.929 INFO  [payment-worker-%d63] c.p.bridge.service.PaymentService - Successfully created payment: f4ee1767-5daf-4c22-bbc4-76b625570791 with status: RECEIVED
2026-05-10 13:48:45.929 INFO  [http-nio-auto-2-exec-4] c.p.b.controller.PaymentController - Received payment request for amount: 80.00 USD, idempotencyKey: null
2026-05-10 13:48:45.930 INFO  [payment-worker-%d61] c.p.bridge.service.PaymentService - Transaction committed; publishing payment task after commit: 3c46b9f1-cfd5-48fc-afc6-e3f1bd569ceb
2026-05-10 13:48:45.930 INFO  [payment-worker-%d61] c.p.b.controller.PaymentController - Payment request processed successfully: 3c46b9f1-cfd5-48fc-afc6-e3f1bd569ceb
2026-05-10 13:48:45.930 INFO  [payment-worker-%d63] c.p.bridge.service.PaymentService - Transaction committed; publishing payment task after commit: f4ee1767-5daf-4c22-bbc4-76b625570791
2026-05-10 13:48:45.930 INFO  [payment-worker-%d63] c.p.b.controller.PaymentController - Payment request processed successfully: f4ee1767-5daf-4c22-bbc4-76b625570791
2026-05-10 13:48:45.930 INFO  [payment-worker-%d58] c.p.bridge.service.PaymentService - Transaction committed; publishing payment task after commit: c3e98bd7-090c-4971-a98e-fbcfff44b9b5
2026-05-10 13:48:45.930 INFO  [payment-worker-%d64] c.p.bridge.service.PaymentService - Creating payment for amount: 80.00 USD
2026-05-10 13:48:45.930 INFO  [payment-worker-%d58] c.p.b.controller.PaymentController - Payment request processed successfully: c3e98bd7-090c-4971-a98e-fbcfff44b9b5
2026-05-10 13:48:45.930 DEBUG [payment-worker-%d64] c.p.b.service.IdempotencyService - New idempotent request with key: client_ref:MIXED-CLIENT-37
2026-05-10 13:48:45.931 INFO  [payment-worker-%d64] c.p.bridge.service.PaymentService - Successfully created payment: 5437286d-9b94-4c97-bc87-10640022b966 with status: RECEIVED
2026-05-10 13:48:45.931 INFO  [payment-worker-%d59] c.p.bridge.service.PaymentService - Transaction committed; publishing payment task after commit: 6d41ab7b-723b-49dc-aa3f-4b465796b3f5
2026-05-10 13:48:45.931 INFO  [payment-worker-%d59] c.p.b.controller.PaymentController - Payment request processed successfully: 6d41ab7b-723b-49dc-aa3f-4b465796b3f5
2026-05-10 13:48:45.931 INFO  [payment-worker-%d64] c.p.bridge.service.PaymentService - Transaction committed; publishing payment task after commit: 5437286d-9b94-4c97-bc87-10640022b966
2026-05-10 13:48:45.931 INFO  [payment-worker-%d64] c.p.b.controller.PaymentController - Payment request processed successfully: 5437286d-9b94-4c97-bc87-10640022b966
2026-05-10 13:48:45.931 INFO  [http-nio-auto-2-exec-10] c.p.b.controller.PaymentController - Received payment request for amount: 80.00 USD, idempotencyKey: null
2026-05-10 13:48:45.932 INFO  [payment-worker-%d70] c.p.bridge.service.PaymentService - Creating payment for amount: 80.00 USD
2026-05-10 13:48:45.932 DEBUG [payment-worker-%d70] c.p.b.service.IdempotencyService - New idempotent request with key: client_ref:MIXED-CLIENT-7
2026-05-10 13:48:45.932 INFO  [http-nio-auto-2-exec-8] c.p.b.controller.PaymentController - Received payment request for amount: 80.00 USD, idempotencyKey: null
2026-05-10 13:48:45.932 INFO  [payment-worker-%d70] c.p.bridge.service.PaymentService - Successfully created payment: ed645cf9-32d4-4e19-8e4d-939704eabb4e with status: RECEIVED
2026-05-10 13:48:45.932 INFO  [payment-worker-%d71] c.p.bridge.service.PaymentService - Creating payment for amount: 80.00 USD
2026-05-10 13:48:45.932 DEBUG [payment-worker-%d71] c.p.b.service.IdempotencyService - New idempotent request with key: client_ref:MIXED-CLIENT-35
2026-05-10 13:48:45.933 INFO  [http-nio-auto-2-exec-5] c.p.b.controller.PaymentController - Received payment request for amount: 80.00 USD, idempotencyKey: null
2026-05-10 13:48:45.933 INFO  [http-nio-auto-2-exec-1] c.p.b.controller.PaymentController - Received payment request for amount: 80.00 USD, idempotencyKey: null
2026-05-10 13:48:45.933 INFO  [payment-worker-%d73] c.p.bridge.service.PaymentService - Creating payment for amount: 80.00 USD
2026-05-10 13:48:45.933 DEBUG [payment-worker-%d73] c.p.b.service.IdempotencyService - New idempotent request with key: client_ref:MIXED-CLIENT-33
2026-05-10 13:48:45.933 INFO  [payment-worker-%d72] c.p.bridge.service.PaymentService - Creating payment for amount: 80.00 USD
2026-05-10 13:48:45.933 DEBUG [payment-worker-%d72] c.p.b.service.IdempotencyService - New idempotent request with key: client_ref:MIXED-CLIENT-3
2026-05-10 13:48:45.933 INFO  [payment-worker-%d70] c.p.bridge.service.PaymentService - Transaction committed; publishing payment task after commit: ed645cf9-32d4-4e19-8e4d-939704eabb4e
2026-05-10 13:48:45.933 INFO  [payment-worker-%d73] c.p.bridge.service.PaymentService - Successfully created payment: 9b0b0684-3e59-4dce-95d3-1724c9aa4e5b with status: RECEIVED
2026-05-10 13:48:45.933 INFO  [payment-worker-%d70] c.p.b.controller.PaymentController - Payment request processed successfully: ed645cf9-32d4-4e19-8e4d-939704eabb4e
2026-05-10 13:48:45.933 INFO  [payment-worker-%d71] c.p.bridge.service.PaymentService - Successfully created payment: e0c11be6-25a1-47b7-9f86-ab8a175bb6ca with status: RECEIVED
2026-05-10 13:48:45.933 INFO  [http-nio-auto-2-exec-2] c.p.b.controller.PaymentController - Received payment request for amount: 80.00 USD, idempotencyKey: null
2026-05-10 13:48:45.933 INFO  [http-nio-auto-2-exec-3] c.p.b.controller.PaymentController - Received payment request for amount: 80.00 USD, idempotencyKey: null
2026-05-10 13:48:45.933 INFO  [payment-worker-%d75] c.p.bridge.service.PaymentService - Creating payment for amount: 80.00 USD
2026-05-10 13:48:45.934 DEBUG [payment-worker-%d75] c.p.b.service.IdempotencyService - New idempotent request with key: client_ref:MIXED-CLIENT-26
2026-05-10 13:48:45.933 INFO  [http-nio-auto-2-exec-8] c.p.b.controller.PaymentController - Received payment request for amount: 80.00 USD, idempotencyKey: null
2026-05-10 13:48:45.934 INFO  [payment-worker-%d73] c.p.bridge.service.PaymentService - Transaction committed; publishing payment task after commit: 9b0b0684-3e59-4dce-95d3-1724c9aa4e5b
2026-05-10 13:48:45.934 INFO  [payment-worker-%d73] c.p.b.controller.PaymentController - Payment request processed successfully: 9b0b0684-3e59-4dce-95d3-1724c9aa4e5b
2026-05-10 13:48:45.934 INFO  [payment-worker-%d76] c.p.bridge.service.PaymentService - Creating payment for amount: 80.00 USD
2026-05-10 13:48:45.934 DEBUG [payment-worker-%d76] c.p.b.service.IdempotencyService - New idempotent request with key: client_ref:MIXED-CLIENT-13
2026-05-10 13:48:45.934 INFO  [payment-worker-%d75] c.p.bridge.service.PaymentService - Successfully created payment: 0594fe67-8f50-4a42-a305-750a378aa4bc with status: RECEIVED
2026-05-10 13:48:45.934 INFO  [payment-worker-%d71] c.p.bridge.service.PaymentService - Transaction committed; publishing payment task after commit: e0c11be6-25a1-47b7-9f86-ab8a175bb6ca
2026-05-10 13:48:45.934 INFO  [payment-worker-%d71] c.p.b.controller.PaymentController - Payment request processed successfully: e0c11be6-25a1-47b7-9f86-ab8a175bb6ca
2026-05-10 13:48:45.934 INFO  [payment-worker-%d77] c.p.bridge.service.PaymentService - Creating payment for amount: 80.00 USD
2026-05-10 13:48:45.934 DEBUG [payment-worker-%d77] c.p.b.service.IdempotencyService - New idempotent request with key: client_ref:MIXED-CLIENT-23
2026-05-10 13:48:45.934 INFO  [payment-worker-%d72] c.p.bridge.service.PaymentService - Successfully created payment: 00061fda-5f81-4756-a847-c82a1798a256 with status: RECEIVED
2026-05-10 13:48:45.934 INFO  [payment-worker-%d75] c.p.bridge.service.PaymentService - Transaction committed; publishing payment task after commit: 0594fe67-8f50-4a42-a305-750a378aa4bc
2026-05-10 13:48:45.935 INFO  [payment-worker-%d77] c.p.bridge.service.PaymentService - Successfully created payment: 1ad36d34-d36a-45a3-b894-2b748f0169ff with status: RECEIVED
2026-05-10 13:48:45.935 INFO  [payment-worker-%d75] c.p.b.controller.PaymentController - Payment request processed successfully: 0594fe67-8f50-4a42-a305-750a378aa4bc
2026-05-10 13:48:45.935 INFO  [payment-worker-%d76] c.p.bridge.service.PaymentService - Successfully created payment: 783e0060-2771-4a1c-8f30-8d07f7da5236 with status: RECEIVED
2026-05-10 13:48:45.935 INFO  [http-nio-auto-2-exec-2] c.p.b.controller.PaymentController - Received payment request for amount: 80.00 USD, idempotencyKey: null
2026-05-10 13:48:45.935 INFO  [payment-worker-%d81] c.p.bridge.service.PaymentService - Creating payment for amount: 80.00 USD
2026-05-10 13:48:45.935 DEBUG [payment-worker-%d81] c.p.b.service.IdempotencyService - New idempotent request with key: client_ref:MIXED-CLIENT-31
2026-05-10 13:48:45.935 INFO  [payment-worker-%d77] c.p.bridge.service.PaymentService - Transaction committed; publishing payment task after commit: 1ad36d34-d36a-45a3-b894-2b748f0169ff
2026-05-10 13:48:45.935 INFO  [payment-worker-%d77] c.p.b.controller.PaymentController - Payment request processed successfully: 1ad36d34-d36a-45a3-b894-2b748f0169ff
2026-05-10 13:48:45.935 INFO  [payment-worker-%d81] c.p.bridge.service.PaymentService - Successfully created payment: 7a8c0df5-7652-46b1-943c-6ebda497c995 with status: RECEIVED
2026-05-10 13:48:45.936 INFO  [payment-worker-%d81] c.p.bridge.service.PaymentService - Transaction committed; publishing payment task after commit: 7a8c0df5-7652-46b1-943c-6ebda497c995
2026-05-10 13:48:45.936 INFO  [payment-worker-%d81] c.p.b.controller.PaymentController - Payment request processed successfully: 7a8c0df5-7652-46b1-943c-6ebda497c995
2026-05-10 13:48:45.936 INFO  [payment-worker-%d72] c.p.bridge.service.PaymentService - Transaction committed; publishing payment task after commit: 00061fda-5f81-4756-a847-c82a1798a256
2026-05-10 13:48:45.936 INFO  [payment-worker-%d72] c.p.b.controller.PaymentController - Payment request processed successfully: 00061fda-5f81-4756-a847-c82a1798a256
2026-05-10 13:48:45.937 INFO  [payment-worker-%d76] c.p.bridge.service.PaymentService - Transaction committed; publishing payment task after commit: 783e0060-2771-4a1c-8f30-8d07f7da5236
2026-05-10 13:48:45.937 INFO  [payment-worker-%d76] c.p.b.controller.PaymentController - Payment request processed successfully: 783e0060-2771-4a1c-8f30-8d07f7da5236
2026-05-10 13:48:45.937 INFO  [http-nio-auto-2-exec-4] c.p.b.controller.PaymentController - Received payment request for amount: 80.00 USD, idempotencyKey: null
2026-05-10 13:48:45.937 INFO  [payment-worker-%d86] c.p.bridge.service.PaymentService - Creating payment for amount: 80.00 USD
2026-05-10 13:48:45.937 DEBUG [payment-worker-%d86] c.p.b.service.IdempotencyService - New idempotent request with key: client_ref:MIXED-CLIENT-29
2026-05-10 13:48:45.938 INFO  [http-nio-auto-2-exec-7] c.p.b.controller.PaymentController - Received payment request for amount: 80.00 USD, idempotencyKey: null
2026-05-10 13:48:45.938 INFO  [payment-worker-%d86] c.p.bridge.service.PaymentService - Successfully created payment: 481d2590-3937-47b6-8168-67c60f327462 with status: RECEIVED
2026-05-10 13:48:45.938 INFO  [http-nio-auto-2-exec-6] c.p.b.controller.PaymentController - Received payment request for amount: 80.00 USD, idempotencyKey: null
2026-05-10 13:48:45.938 INFO  [payment-worker-%d87] c.p.bridge.service.PaymentService - Creating payment for amount: 80.00 USD
2026-05-10 13:48:45.938 INFO  [http-nio-auto-2-exec-2] c.p.b.controller.PaymentController - Received payment request for amount: 80.00 USD, idempotencyKey: null
2026-05-10 13:48:45.939 DEBUG [payment-worker-%d87] c.p.b.service.IdempotencyService - New idempotent request with key: client_ref:MIXED-CLIENT-43
2026-05-10 13:48:45.939 INFO  [payment-worker-%d88] c.p.bridge.service.PaymentService - Creating payment for amount: 80.00 USD
2026-05-10 13:48:45.939 INFO  [payment-worker-%d89] c.p.bridge.service.PaymentService - Creating payment for amount: 80.00 USD
2026-05-10 13:48:45.939 DEBUG [payment-worker-%d89] c.p.b.service.IdempotencyService - New idempotent request with key: client_ref:MIXED-CLIENT-41
2026-05-10 13:48:45.939 DEBUG [payment-worker-%d88] c.p.b.service.IdempotencyService - New idempotent request with key: client_ref:MIXED-CLIENT-1
2026-05-10 13:48:45.939 INFO  [payment-worker-%d89] c.p.bridge.service.PaymentService - Successfully created payment: d7642285-d41a-4304-8ebe-55fd15de8ff4 with status: RECEIVED
2026-05-10 13:48:45.939 INFO  [http-nio-auto-2-exec-6] c.p.b.controller.PaymentController - Received payment request for amount: 80.00 USD, idempotencyKey: null
2026-05-10 13:48:45.939 INFO  [payment-worker-%d87] c.p.bridge.service.PaymentService - Successfully created payment: 3ba967a0-3d0b-44b8-9ad1-cd25cf45349b with status: RECEIVED
2026-05-10 13:48:45.939 INFO  [payment-worker-%d86] c.p.bridge.service.PaymentService - Transaction committed; publishing payment task after commit: 481d2590-3937-47b6-8168-67c60f327462
2026-05-10 13:48:45.939 INFO  [payment-worker-%d86] c.p.b.controller.PaymentController - Payment request processed successfully: 481d2590-3937-47b6-8168-67c60f327462
2026-05-10 13:48:45.939 INFO  [payment-worker-%d88] c.p.bridge.service.PaymentService - Successfully created payment: 056a8ebf-78fe-4c59-bc3b-3afcb2c8b44a with status: RECEIVED
2026-05-10 13:48:45.939 INFO  [payment-worker-%d89] c.p.bridge.service.PaymentService - Transaction committed; publishing payment task after commit: d7642285-d41a-4304-8ebe-55fd15de8ff4
2026-05-10 13:48:45.939 INFO  [payment-worker-%d89] c.p.b.controller.PaymentController - Payment request processed successfully: d7642285-d41a-4304-8ebe-55fd15de8ff4
2026-05-10 13:48:45.939 INFO  [payment-worker-%d90] c.p.bridge.service.PaymentService - Creating payment for amount: 80.00 USD
2026-05-10 13:48:45.939 DEBUG [payment-worker-%d90] c.p.b.service.IdempotencyService - New idempotent request with key: client_ref:MIXED-CLIENT-22
2026-05-10 13:48:45.940 INFO  [payment-worker-%d87] c.p.bridge.service.PaymentService - Transaction committed; publishing payment task after commit: 3ba967a0-3d0b-44b8-9ad1-cd25cf45349b
2026-05-10 13:48:45.940 INFO  [payment-worker-%d90] c.p.bridge.service.PaymentService - Successfully created payment: 6003e7ba-a48c-4a4c-9b26-51c49a6905a8 with status: RECEIVED
2026-05-10 13:48:45.940 INFO  [payment-worker-%d87] c.p.b.controller.PaymentController - Payment request processed successfully: 3ba967a0-3d0b-44b8-9ad1-cd25cf45349b
2026-05-10 13:48:45.940 INFO  [http-nio-auto-2-exec-10] c.p.b.controller.PaymentController - Received payment request for amount: 80.00 USD, idempotencyKey: null
2026-05-10 13:48:45.940 INFO  [payment-worker-%d90] c.p.bridge.service.PaymentService - Transaction committed; publishing payment task after commit: 6003e7ba-a48c-4a4c-9b26-51c49a6905a8
2026-05-10 13:48:45.940 INFO  [payment-worker-%d88] c.p.bridge.service.PaymentService - Transaction committed; publishing payment task after commit: 056a8ebf-78fe-4c59-bc3b-3afcb2c8b44a
2026-05-10 13:48:45.940 INFO  [payment-worker-%d90] c.p.b.controller.PaymentController - Payment request processed successfully: 6003e7ba-a48c-4a4c-9b26-51c49a6905a8
2026-05-10 13:48:45.940 INFO  [payment-worker-%d88] c.p.b.controller.PaymentController - Payment request processed successfully: 056a8ebf-78fe-4c59-bc3b-3afcb2c8b44a
2026-05-10 13:48:45.940 INFO  [payment-worker-%d94] c.p.bridge.service.PaymentService - Creating payment for amount: 80.00 USD
2026-05-10 13:48:45.940 DEBUG [payment-worker-%d94] c.p.b.service.IdempotencyService - New idempotent request with key: client_ref:MIXED-CLIENT-39
2026-05-10 13:48:45.941 INFO  [payment-worker-%d94] c.p.bridge.service.PaymentService - Successfully created payment: a14c64c9-1b4f-4a07-9d03-ebe10c89773b with status: RECEIVED
2026-05-10 13:48:45.941 INFO  [http-nio-auto-2-exec-6] c.p.b.controller.PaymentController - Received payment request for amount: 80.00 USD, idempotencyKey: null
2026-05-10 13:48:45.941 INFO  [payment-worker-%d94] c.p.bridge.service.PaymentService - Transaction committed; publishing payment task after commit: a14c64c9-1b4f-4a07-9d03-ebe10c89773b
2026-05-10 13:48:45.941 INFO  [payment-worker-%d94] c.p.b.controller.PaymentController - Payment request processed successfully: a14c64c9-1b4f-4a07-9d03-ebe10c89773b
2026-05-10 13:48:45.941 INFO  [payment-worker-%d97] c.p.bridge.service.PaymentService - Creating payment for amount: 80.00 USD
2026-05-10 13:48:45.941 DEBUG [payment-worker-%d97] c.p.b.service.IdempotencyService - New idempotent request with key: client_ref:MIXED-CLIENT-38
2026-05-10 13:48:45.942 INFO  [payment-worker-%d97] c.p.bridge.service.PaymentService - Successfully created payment: 82ab3e87-e30e-4658-979f-ba75c7fa5e29 with status: RECEIVED
2026-05-10 13:48:45.942 INFO  [http-nio-auto-2-exec-3] c.p.b.controller.PaymentController - Received payment request for amount: 80.00 USD, idempotencyKey: null
2026-05-10 13:48:45.942 INFO  [payment-worker-%d99] c.p.bridge.service.PaymentService - Creating payment for amount: 80.00 USD
2026-05-10 13:48:45.942 DEBUG [payment-worker-%d99] c.p.b.service.IdempotencyService - New idempotent request with key: client_ref:MIXED-CLIENT-14
2026-05-10 13:48:45.942 INFO  [http-nio-auto-2-exec-7] c.p.b.controller.PaymentController - Received payment request for amount: 80.00 USD, idempotencyKey: null
2026-05-10 13:48:45.942 INFO  [payment-worker-%d97] c.p.bridge.service.PaymentService - Transaction committed; publishing payment task after commit: 82ab3e87-e30e-4658-979f-ba75c7fa5e29
2026-05-10 13:48:45.943 INFO  [payment-worker-%d97] c.p.b.controller.PaymentController - Payment request processed successfully: 82ab3e87-e30e-4658-979f-ba75c7fa5e29
2026-05-10 13:48:45.943 INFO  [payment-worker-%d100] c.p.bridge.service.PaymentService - Creating payment for amount: 80.00 USD
2026-05-10 13:48:45.943 DEBUG [payment-worker-%d100] c.p.b.service.IdempotencyService - New idempotent request with key: client_ref:MIXED-CLIENT-40
2026-05-10 13:48:45.943 INFO  [payment-worker-%d99] c.p.bridge.service.PaymentService - Successfully created payment: bf352ebd-7398-4f42-aa96-a1f37736f8e7 with status: RECEIVED
2026-05-10 13:48:45.943 INFO  [payment-worker-%d100] c.p.bridge.service.PaymentService - Successfully created payment: 628d6230-a1a4-4776-a13e-33bf7f31cef2 with status: RECEIVED
2026-05-10 13:48:45.943 INFO  [http-nio-auto-2-exec-1] c.p.b.controller.PaymentController - Received payment request for amount: 80.00 USD, idempotencyKey: null
2026-05-10 13:48:45.944 INFO  [payment-worker-%d102] c.p.bridge.service.PaymentService - Creating payment for amount: 80.00 USD
2026-05-10 13:48:45.944 DEBUG [payment-worker-%d102] c.p.b.service.IdempotencyService - New idempotent request with key: client_ref:MIXED-CLIENT-27
2026-05-10 13:48:45.945 INFO  [payment-worker-%d102] c.p.bridge.service.PaymentService - Successfully created payment: 03dbde31-96e9-471c-9103-e08190be1c5a with status: RECEIVED
2026-05-10 13:48:45.945 INFO  [payment-worker-%d100] c.p.bridge.service.PaymentService - Transaction committed; publishing payment task after commit: 628d6230-a1a4-4776-a13e-33bf7f31cef2
2026-05-10 13:48:45.945 INFO  [payment-worker-%d100] c.p.b.controller.PaymentController - Payment request processed successfully: 628d6230-a1a4-4776-a13e-33bf7f31cef2
2026-05-10 13:48:45.945 INFO  [http-nio-auto-2-exec-8] c.p.b.controller.PaymentController - Received payment request for amount: 80.00 USD, idempotencyKey: null
2026-05-10 13:48:45.945 INFO  [http-nio-auto-2-exec-3] c.p.b.controller.PaymentController - Received payment request for amount: 80.00 USD, idempotencyKey: null
2026-05-10 13:48:45.945 INFO  [payment-worker-%d104] c.p.bridge.service.PaymentService - Creating payment for amount: 80.00 USD
2026-05-10 13:48:45.945 DEBUG [payment-worker-%d104] c.p.b.service.IdempotencyService - New idempotent request with key: client_ref:MIXED-CLIENT-44
2026-05-10 13:48:45.946 INFO  [payment-worker-%d104] c.p.bridge.service.PaymentService - Successfully created payment: 1a372f1b-fa87-47bf-9b5a-fd9d9c1a05dd with status: RECEIVED
2026-05-10 13:48:45.946 INFO  [payment-worker-%d105] c.p.bridge.service.PaymentService - Creating payment for amount: 80.00 USD
2026-05-10 13:48:45.946 DEBUG [payment-worker-%d105] c.p.b.service.IdempotencyService - New idempotent request with key: client_ref:MIXED-CLIENT-6
2026-05-10 13:48:45.945 INFO  [http-nio-auto-2-exec-5] c.p.b.controller.PaymentController - Received payment request for amount: 80.00 USD, idempotencyKey: null
2026-05-10 13:48:45.945 INFO  [payment-worker-%d99] c.p.bridge.service.PaymentService - Transaction committed; publishing payment task after commit: bf352ebd-7398-4f42-aa96-a1f37736f8e7
2026-05-10 13:48:45.946 INFO  [payment-worker-%d99] c.p.b.controller.PaymentController - Payment request processed successfully: bf352ebd-7398-4f42-aa96-a1f37736f8e7
2026-05-10 13:48:45.946 INFO  [payment-worker-%d106] c.p.bridge.service.PaymentService - Creating payment for amount: 80.00 USD
2026-05-10 13:48:45.946 DEBUG [payment-worker-%d106] c.p.b.service.IdempotencyService - New idempotent request with key: client_ref:MIXED-CLIENT-2
2026-05-10 13:48:45.946 INFO  [payment-worker-%d105] c.p.bridge.service.PaymentService - Successfully created payment: e209bed0-ef0d-4c5d-aead-92946988ceb3 with status: RECEIVED
2026-05-10 13:48:45.946 INFO  [payment-worker-%d104] c.p.bridge.service.PaymentService - Transaction committed; publishing payment task after commit: 1a372f1b-fa87-47bf-9b5a-fd9d9c1a05dd
2026-05-10 13:48:45.946 INFO  [payment-worker-%d106] c.p.bridge.service.PaymentService - Successfully created payment: 2256ede7-84db-4237-a254-c5b3a7e81bb0 with status: RECEIVED
2026-05-10 13:48:45.946 INFO  [payment-worker-%d104] c.p.b.controller.PaymentController - Payment request processed successfully: 1a372f1b-fa87-47bf-9b5a-fd9d9c1a05dd
2026-05-10 13:48:45.946 INFO  [payment-worker-%d102] c.p.bridge.service.PaymentService - Transaction committed; publishing payment task after commit: 03dbde31-96e9-471c-9103-e08190be1c5a
2026-05-10 13:48:45.947 INFO  [payment-worker-%d102] c.p.b.controller.PaymentController - Payment request processed successfully: 03dbde31-96e9-471c-9103-e08190be1c5a
2026-05-10 13:48:45.947 INFO  [payment-worker-%d106] c.p.bridge.service.PaymentService - Transaction committed; publishing payment task after commit: 2256ede7-84db-4237-a254-c5b3a7e81bb0
2026-05-10 13:48:45.947 INFO  [payment-worker-%d106] c.p.b.controller.PaymentController - Payment request processed successfully: 2256ede7-84db-4237-a254-c5b3a7e81bb0
2026-05-10 13:48:45.948 INFO  [payment-worker-%d105] c.p.bridge.service.PaymentService - Transaction committed; publishing payment task after commit: e209bed0-ef0d-4c5d-aead-92946988ceb3
2026-05-10 13:48:45.948 INFO  [payment-worker-%d105] c.p.b.controller.PaymentController - Payment request processed successfully: e209bed0-ef0d-4c5d-aead-92946988ceb3
2026-05-10 13:48:45.949 INFO  [http-nio-auto-2-exec-7] c.p.b.controller.PaymentController - Received payment request for amount: 80.00 USD, idempotencyKey: null
2026-05-10 13:48:45.949 INFO  [http-nio-auto-2-exec-5] c.p.b.controller.PaymentController - Received payment request for amount: 80.00 USD, idempotencyKey: null
2026-05-10 13:48:45.949 INFO  [payment-worker-%d112] c.p.bridge.service.PaymentService - Creating payment for amount: 80.00 USD
2026-05-10 13:48:45.949 DEBUG [payment-worker-%d112] c.p.b.service.IdempotencyService - New idempotent request with key: client_ref:MIXED-CLIENT-21
2026-05-10 13:48:45.949 INFO  [payment-worker-%d113] c.p.bridge.service.PaymentService - Creating payment for amount: 80.00 USD
2026-05-10 13:48:45.949 DEBUG [payment-worker-%d113] c.p.b.service.IdempotencyService - New idempotent request with key: client_ref:MIXED-CLIENT-45
2026-05-10 13:48:45.949 INFO  [payment-worker-%d112] c.p.bridge.service.PaymentService - Successfully created payment: bcc7aa5d-7cfa-487c-b644-3f5ec2e8a959 with status: RECEIVED
2026-05-10 13:48:45.949 INFO  [payment-worker-%d113] c.p.bridge.service.PaymentService - Successfully created payment: 1e9ffc27-3607-4ee7-9c62-fa9fd683f0cb with status: RECEIVED
2026-05-10 13:48:45.950 INFO  [http-nio-auto-2-exec-4] c.p.b.controller.PaymentController - Received payment request for amount: 80.00 USD, idempotencyKey: null
2026-05-10 13:48:45.950 INFO  [payment-worker-%d112] c.p.bridge.service.PaymentService - Transaction committed; publishing payment task after commit: bcc7aa5d-7cfa-487c-b644-3f5ec2e8a959
2026-05-10 13:48:45.950 INFO  [payment-worker-%d113] c.p.bridge.service.PaymentService - Transaction committed; publishing payment task after commit: 1e9ffc27-3607-4ee7-9c62-fa9fd683f0cb
2026-05-10 13:48:45.950 INFO  [http-nio-auto-2-exec-10] c.p.b.controller.PaymentController - Received payment request for amount: 80.00 USD, idempotencyKey: null
2026-05-10 13:48:45.950 INFO  [payment-worker-%d112] c.p.b.controller.PaymentController - Payment request processed successfully: bcc7aa5d-7cfa-487c-b644-3f5ec2e8a959
2026-05-10 13:48:45.950 INFO  [payment-worker-%d113] c.p.b.controller.PaymentController - Payment request processed successfully: 1e9ffc27-3607-4ee7-9c62-fa9fd683f0cb
2026-05-10 13:48:45.950 INFO  [payment-worker-%d117] c.p.bridge.service.PaymentService - Creating payment for amount: 80.00 USD
2026-05-10 13:48:45.950 DEBUG [payment-worker-%d117] c.p.b.service.IdempotencyService - New idempotent request with key: client_ref:MIXED-CLIENT-15
2026-05-10 13:48:45.950 INFO  [payment-worker-%d114] c.p.bridge.service.PaymentService - Creating payment for amount: 80.00 USD
2026-05-10 13:48:45.950 DEBUG [payment-worker-%d114] c.p.b.service.IdempotencyService - New idempotent request with key: client_ref:MIXED-CLIENT-49
2026-05-10 13:48:45.950 INFO  [payment-worker-%d117] c.p.bridge.service.PaymentService - Successfully created payment: 55afdaad-a23f-47b7-80a9-00dc098fbe16 with status: RECEIVED
2026-05-10 13:48:45.951 INFO  [payment-worker-%d114] c.p.bridge.service.PaymentService - Successfully created payment: fd91abf3-4f24-404c-b74a-32560cda0f29 with status: RECEIVED
2026-05-10 13:48:45.951 INFO  [payment-worker-%d117] c.p.bridge.service.PaymentService - Transaction committed; publishing payment task after commit: 55afdaad-a23f-47b7-80a9-00dc098fbe16
2026-05-10 13:48:45.951 INFO  [payment-worker-%d117] c.p.b.controller.PaymentController - Payment request processed successfully: 55afdaad-a23f-47b7-80a9-00dc098fbe16
2026-05-10 13:48:45.952 INFO  [payment-worker-%d114] c.p.bridge.service.PaymentService - Transaction committed; publishing payment task after commit: fd91abf3-4f24-404c-b74a-32560cda0f29
2026-05-10 13:48:45.952 INFO  [payment-worker-%d114] c.p.b.controller.PaymentController - Payment request processed successfully: fd91abf3-4f24-404c-b74a-32560cda0f29
Mixed latency ingestion latency summary: p50=37ms, p95=42ms, p99=44ms, max=44ms, mean=34ms
]]></system-out>
  </testcase>
</testsuite>