<?xml version="1.0" encoding="UTF-8"?>
<testsuite xmlns:xsi="http://www.w3.org/2001/XMLSchema-instance" xsi:noNamespaceSchemaLocation="https://maven.apache.org/surefire/maven-surefire-plugin/xsd/surefire-test-report.xsd" version="3.0.2" name="com.payment.bridge.contract.PaymentIngestTest" time="5.937" tests="5" errors="0" skipped="0" failures="0">
  <properties>
[...]
</properties>
  <testcase name="createPayment_shouldHandleIdempotentRequests" classname="com.payment.bridge.contract.PaymentIngestTest" time="0.592">
    <system-out><![CDATA[13:48:33.996 [main] INFO org.springframework.test.context.support.AnnotationConfigContextLoaderUtils -- Could not detect default configuration classes for test class [com.payment.bridge.contract.PaymentIngestTest]: PaymentIngestTest does not declare any static, non-private, non-final, nested classes annotated with @Configuration.
13:48:34.074 [main] INFO org.springframework.boot.test.context.SpringBootTestContextBootstrapper -- Found @SpringBootConfiguration com.payment.bridge.PaymentBridgeApplication for test class com.payment.bridge.contract.PaymentIngestTest
2026-05-10 13:48:34.441 INFO  [main] c.p.b.contract.PaymentIngestTest - Starting PaymentIngestTest using Java 21.0.11 with PID 7041 (started by mac in /Users/mac/Programming/payment-system-speckit/payment-bridge)
2026-05-10 13:48:34.442 DEBUG [main] c.p.b.contract.PaymentIngestTest - Running with Spring Boot v3.4.0, Spring v6.2.0
2026-05-10 13:48:34.442 INFO  [main] c.p.b.contract.PaymentIngestTest - The following 1 profile is active: "test"
2026-05-10 13:48:35.029 INFO  [main] o.s.d.r.c.RepositoryConfigurationDelegate - Bootstrapping Spring Data JPA repositories in DEFAULT mode.
2026-05-10 13:48:35.072 INFO  [main] o.s.d.r.c.RepositoryConfigurationDelegate - Finished Spring Data repository scanning in 37 ms. Found 3 JPA repository interfaces.
2026-05-10 13:48:36.332 INFO  [main] o.s.b.w.e.tomcat.TomcatWebServer - Tomcat initialized with port 0 (http)
2026-05-10 13:48:36.378 INFO  [main] o.s.b.w.s.c.ServletWebServerApplicationContext - Root WebApplicationContext: initialization completed in 1806 ms
2026-05-10 13:48:36.910 WARN  [main] o.f.c.i.database.base.Database - Flyway upgrade recommended: H2 2.3.232 is newer than this version of Flyway and support has not been tested. The latest supported version of H2 is 2.2.224.
2026-05-10 13:48:37.182 INFO  [main] o.s.o.j.p.SpringPersistenceUnitInfo - No LoadTimeWeaver setup: ignoring JPA class transformer
2026-05-10 13:48:37.209 WARN  [main] org.hibernate.orm.deprecation - HHH90000025: H2Dialect does not need to be specified explicitly using 'hibernate.dialect' (remove the property setting and it will be selected by default)
2026-05-10 13:48:37.669 INFO  [main] o.s.o.j.LocalContainerEntityManagerFactoryBean - Initialized JPA EntityManagerFactory for persistence unit 'default'
2026-05-10 13:48:38.335 WARN  [main] o.s.b.a.o.j.JpaBaseConfiguration$JpaWebConfiguration - spring.jpa.open-in-view is enabled by default. Therefore, database queries may be performed during view rendering. Explicitly configure spring.jpa.open-in-view to disable this warning
2026-05-10 13:48:38.759 INFO  [main] o.s.b.a.e.web.EndpointLinksResolver - Exposing 1 endpoint beneath base path '/actuator'
2026-05-10 13:48:38.808 INFO  [main] o.s.b.w.e.tomcat.TomcatWebServer - Tomcat started on port 51998 (http) with context path '/'
2026-05-10 13:48:38.816 INFO  [main] c.p.b.contract.PaymentIngestTest - Started PaymentIngestTest in 4.676 seconds (process running for 5.468)
2026-05-10 13:48:38.847 INFO  [main] c.p.b.service.PaymentRecoveryRunner - Application started, initiating recovery of in-progress payments
2026-05-10 13:48:38.915 INFO  [main] c.p.bridge.service.PaymentService - No in-progress payments found for recovery
2026-05-10 13:48:39.376 INFO  [http-nio-auto-1-exec-1] o.s.web.servlet.DispatcherServlet - Initializing Servlet 'dispatcherServlet'
2026-05-10 13:48:39.376 INFO  [http-nio-auto-1-exec-1] o.s.web.servlet.DispatcherServlet - Completed initialization in 0 ms
2026-05-10 13:48:39.424 INFO  [http-nio-auto-1-exec-1] c.p.b.controller.PaymentController - Received payment request for amount: 150.0 EUR, idempotencyKey: 6307d8b2-8bb0-4588-a5bf-06ffd4f6f480
2026-05-10 13:48:39.425 INFO  [payment-worker-%d0] c.p.bridge.service.PaymentService - Creating payment for amount: 150.0 EUR
2026-05-10 13:48:39.426 DEBUG [payment-worker-%d0] c.p.b.service.IdempotencyService - New idempotent request with key: 6307d8b2-8bb0-4588-a5bf-06ffd4f6f480
2026-05-10 13:48:39.443 INFO  [payment-worker-%d0] c.p.bridge.service.PaymentService - Successfully created payment: fbb2296b-006c-45c2-a288-d4c8b4e844b3 with status: RECEIVED
2026-05-10 13:48:39.455 INFO  [payment-worker-%d0] c.p.bridge.service.PaymentService - Transaction committed; publishing payment task after commit: fbb2296b-006c-45c2-a288-d4c8b4e844b3
2026-05-10 13:48:39.455 INFO  [payment-worker-%d0] c.p.b.controller.PaymentController - Payment request processed successfully: fbb2296b-006c-45c2-a288-d4c8b4e844b3
2026-05-10 13:48:39.464 DEBUG [payment-worker-%d1] c.p.bridge.service.PaymentService - Published payment task for processing: fbb2296b-006c-45c2-a288-d4c8b4e844b3
2026-05-10 13:48:39.504 INFO  [http-nio-auto-1-exec-3] c.p.b.controller.PaymentController - Received payment request for amount: 150.0 EUR, idempotencyKey: 6307d8b2-8bb0-4588-a5bf-06ffd4f6f480
2026-05-10 13:48:39.504 INFO  [payment-worker-%d2] c.p.bridge.service.PaymentService - Creating payment for amount: 150.0 EUR
2026-05-10 13:48:39.504 DEBUG [payment-worker-%d2] c.p.b.service.IdempotencyService - Idempotent request matched existing payment: fbb2296b-006c-45c2-a288-d4c8b4e844b3
2026-05-10 13:48:39.504 INFO  [payment-worker-%d2] c.p.bridge.service.PaymentService - Returning existing payment for idempotent request: fbb2296b-006c-45c2-a288-d4c8b4e844b3
2026-05-10 13:48:39.504 INFO  [payment-worker-%d2] c.p.b.controller.PaymentController - Payment request processed successfully: fbb2296b-006c-45c2-a288-d4c8b4e844b3
]]></system-out>
    <system-err><![CDATA[Mockito is currently self-attaching to enable the inline-mock-maker. This will no longer work in future releases of the JDK. Please add Mockito as an agent to your build what is described in Mockito's documentation: https://javadoc.io/doc/org.mockito/mockito-core/latest/org/mockito/Mockito.html#0.3
WARNING: A Java agent has been loaded dynamically (/Users/mac/.m2/repository/net/bytebuddy/byte-buddy-agent/1.18.8/byte-buddy-agent-1.18.8.jar)
WARNING: If a serviceability tool is in use, please run with -XX:+EnableDynamicAgentLoading to hide this warning
WARNING: If a serviceability tool is not in use, please run with -Djdk.instrument.traceUsage for more information
WARNING: Dynamic loading of agents will be disallowed by default in a future release
]]></system-err>
  </testcase>
  <testcase name="createPayment_shouldReturn202WithValidRequest" classname="com.payment.bridge.contract.PaymentIngestTest" time="0.269">
    <system-out><![CDATA[2026-05-10 13:48:39.521 INFO  [http-nio-auto-1-exec-5] c.p.b.controller.PaymentController - Received payment request for amount: 99.99 USD, idempotencyKey: a33d1ff9-c8af-4db1-a619-3d451507b81a
2026-05-10 13:48:39.521 INFO  [payment-worker-%d3] c.p.bridge.service.PaymentService - Creating payment for amount: 99.99 USD
2026-05-10 13:48:39.521 DEBUG [payment-worker-%d3] c.p.b.service.IdempotencyService - New idempotent request with key: a33d1ff9-c8af-4db1-a619-3d451507b81a
2026-05-10 13:48:39.522 INFO  [payment-worker-%d3] c.p.bridge.service.PaymentService - Successfully created payment: 8016e3bd-daa8-47db-b855-1148f28dd996 with status: RECEIVED
2026-05-10 13:48:39.523 INFO  [payment-worker-%d3] c.p.bridge.service.PaymentService - Transaction committed; publishing payment task after commit: 8016e3bd-daa8-47db-b855-1148f28dd996
2026-05-10 13:48:39.523 INFO  [payment-worker-%d3] c.p.b.controller.PaymentController - Payment request processed successfully: 8016e3bd-daa8-47db-b855-1148f28dd996
2026-05-10 13:48:39.523 DEBUG [payment-worker-%d4] c.p.bridge.service.PaymentService - Published payment task for processing: 8016e3bd-daa8-47db-b855-1148f28dd996
]]></system-out>
  </testcase>
  <testcase name="createPayment_shouldReturn400ForInvalidAmount" classname="com.payment.bridge.contract.PaymentIngestTest" time="0.039"/>
  <testcase name="createPayment_shouldReturn400ForInvalidCurrency" classname="com.payment.bridge.contract.PaymentIngestTest" time="0.016"/>
  <testcase name="createPayment_shouldReturn409ForDuplicateIdempotencyKey" classname="com.payment.bridge.contract.PaymentIngestTest" time="0.03">
    <system-out><![CDATA[2026-05-10 13:48:39.847 INFO  [http-nio-auto-1-exec-10] c.p.b.controller.PaymentController - Received payment request for amount: 100.0 USD, idempotencyKey: 12940846-c58d-4626-8721-9e75917ce27d
2026-05-10 13:48:39.848 INFO  [payment-worker-%d5] c.p.bridge.service.PaymentService - Creating payment for amount: 100.0 USD
2026-05-10 13:48:39.848 DEBUG [payment-worker-%d5] c.p.b.service.IdempotencyService - New idempotent request with key: 12940846-c58d-4626-8721-9e75917ce27d
2026-05-10 13:48:39.848 INFO  [payment-worker-%d5] c.p.bridge.service.PaymentService - Successfully created payment: dac0b86b-e234-4686-91d1-c2bf4832fa18 with status: RECEIVED
2026-05-10 13:48:39.849 INFO  [payment-worker-%d5] c.p.bridge.service.PaymentService - Transaction committed; publishing payment task after commit: dac0b86b-e234-4686-91d1-c2bf4832fa18
2026-05-10 13:48:39.850 INFO  [payment-worker-%d5] c.p.b.controller.PaymentController - Payment request processed successfully: dac0b86b-e234-4686-91d1-c2bf4832fa18
2026-05-10 13:48:39.850 DEBUG [payment-worker-%d6] c.p.bridge.service.PaymentService - Published payment task for processing: dac0b86b-e234-4686-91d1-c2bf4832fa18
2026-05-10 13:48:39.859 INFO  [http-nio-auto-1-exec-2] c.p.b.controller.PaymentController - Received payment request for amount: 200.0 USD, idempotencyKey: 12940846-c58d-4626-8721-9e75917ce27d
2026-05-10 13:48:39.860 INFO  [payment-worker-%d7] c.p.bridge.service.PaymentService - Creating payment for amount: 200.0 USD
2026-05-10 13:48:39.860 WARN  [payment-worker-%d7] c.p.b.service.IdempotencyService - Idempotency violation detected for key: 12940846-c58d-4626-8721-9e75917ce27d
2026-05-10 13:48:39.860 WARN  [payment-worker-%d7] c.p.b.controller.PaymentController - Idempotency violation: Idempotency key '12940846-c58d-4626-8721-9e75917ce27d' already used for a different payment request
]]></system-out>
  </testcase>
</testsuite>