<?xml version="1.0" encoding="UTF-8"?>
<testsuite xmlns:xsi="http://www.w3.org/2001/XMLSchema-instance" xsi:noNamespaceSchemaLocation="https://maven.apache.org/surefire/maven-surefire-plugin/xsd/surefire-test-report.xsd" version="3.0.2" name="com.payment.bridge.service.DLQResolutionServiceTest" time="0.005" tests="5" errors="0" skipped="0" failures="0">
  <properties>
[...]
</properties>
  <testcase name="retryDLQEntry_WhenPaymentCompleted_Throws" classname="com.payment.bridge.service.DLQResolutionServiceTest" time="0.001"/>
  <testcase name="getDLQEntry_NotFound_Throws" classname="com.payment.bridge.service.DLQResolutionServiceTest" time="0.001"/>
  <testcase name="resolveDLQEntry_DeletesEntry" classname="com.payment.bridge.service.DLQResolutionServiceTest" time="0.0">
    <system-out><![CDATA[2026-05-10 13:48:47.383 INFO  [main] c.p.b.service.DLQResolutionService - Resolved DLQ entry 7ae6f7d3-537c-4310-9308-e6309dfe5e03 by operator operator-2: ignore duplicate
]]></system-out>
  </testcase>
  <testcase name="searchDLQEntries_WithPaymentIdAndFailedAction_CallsRepository" classname="com.payment.bridge.service.DLQResolutionServiceTest" time="0.002"/>
  <testcase name="retryDLQEntry_ResetsPaymentAndPublishesTask" classname="com.payment.bridge.service.DLQResolutionServiceTest" time="0.001">
    <system-out><![CDATA[2026-05-10 13:48:47.386 INFO  [main] c.p.b.service.DLQResolutionService - Retried DLQ entry 5bd4ad73-f92e-4075-bfb1-af2f7c5a206c for payment 332c4505-be27-4c2a-bb7f-49212ba5bdc2 by operator operator-1
]]></system-out>
  </testcase>
</testsuite>